#
# There is insufficient memory for the Java Runtime Environment to continue.
# Native memory allocation (malloc) failed to allocate 32744 bytes for ChunkPool::allocate
# Possible reasons:
#   The system is out of physical RAM or swap space
#   In 32 bit mode, the process size limit was hit
# Possible solutions:
#   Reduce memory load on the system
#   Increase physical memory or swap space
#   Check if swap backing store is full
#   Use 64 bit Java on a 64 bit OS
#   Decrease Java heap size (-Xmx/-Xms)
#   Decrease number of Java threads
#   Decrease Java thread stack sizes (-Xss)
#   Set larger code cache with -XX:ReservedCodeCacheSize=
# This output file may be truncated or incomplete.
#
#  Out of Memory Error (allocation.cpp:273), pid=11604, tid=10456
#
# JRE version: Java(TM) SE Runtime Environment (8.0_77-b03) (build 1.8.0_77-b03)
# Java VM: Java HotSpot(TM) 64-Bit Server VM (25.77-b03 mixed mode windows-amd64 compressed oops)
# Failed to write core dump. Minidumps are not enabled by default on client versions of Windows
#

---------------  T H R E A D  ---------------

Current thread (0x00000000161f8800):  JavaThread "C2 CompilerThread0" daemon [_thread_in_native, id=10456, stack(0x0000000017860000,0x0000000017960000)]

Stack: [0x0000000017860000,0x0000000017960000]
[error occurred during error reporting (printing stack bounds), id 0xc0000005]

Native frames: (J=compiled Java code, j=interpreted, Vv=VM code, C=native code)


Current CompileTask:
C2:  15999 2151       4       javax.swing.GroupLayout$Group::calculateSize (107 bytes)


---------------  P R O C E S S  ---------------

Java Threads: ( => current thread )
  0x0000000019049800 JavaThread "Image Fetcher 0" daemon [_thread_blocked, id=11176, stack(0x000000001b220000,0x000000001b320000)]
  0x0000000018d1e000 JavaThread "TimerQueue" daemon [_thread_blocked, id=1432, stack(0x000000001af20000,0x000000001b020000)]
  0x0000000018beb800 JavaThread "Abandoned connection cleanup thread" daemon [_thread_blocked, id=212, stack(0x0000000019460000,0x0000000019560000)]
  0x0000000002870800 JavaThread "DestroyJavaVM" [_thread_blocked, id=8648, stack(0x0000000002700000,0x0000000002800000)]
  0x0000000018bbb000 JavaThread "AWT-EventQueue-0" [_thread_in_vm, id=12088, stack(0x0000000019360000,0x0000000019460000)]
  0x0000000017f0c800 JavaThread "AWT-Windows" daemon [_thread_in_native, id=12132, stack(0x00000000184c0000,0x00000000185c0000)]
  0x0000000017f5e000 JavaThread "AWT-Shutdown" [_thread_blocked, id=11312, stack(0x00000000183c0000,0x00000000184c0000)]
  0x0000000017f5d800 JavaThread "Java2D Disposer" daemon [_thread_blocked, id=9828, stack(0x00000000182c0000,0x00000000183c0000)]
  0x0000000017b98800 JavaThread "Service Thread" daemon [_thread_blocked, id=2588, stack(0x0000000017f60000,0x0000000018060000)]
  0x00000000161ef800 JavaThread "C1 CompilerThread2" daemon [_thread_blocked, id=10364, stack(0x0000000017a60000,0x0000000017b60000)]
  0x00000000161e9000 JavaThread "C2 CompilerThread1" daemon [_thread_in_native, id=6504, stack(0x0000000017960000,0x0000000017a60000)]
=>0x00000000161f8800 JavaThread "C2 CompilerThread0" daemon [_thread_in_native, id=10456, stack(0x0000000017860000,0x0000000017960000)]
  0x00000000161f7000 JavaThread "Attach Listener" daemon [_thread_blocked, id=11496, stack(0x0000000017760000,0x0000000017860000)]
  0x00000000161f5800 JavaThread "Signal Dispatcher" daemon [_thread_blocked, id=6832, stack(0x0000000017660000,0x0000000017760000)]
  0x00000000161da800 JavaThread "Finalizer" daemon [_thread_blocked, id=5848, stack(0x0000000017450000,0x0000000017550000)]
  0x00000000161b9000 JavaThread "Reference Handler" daemon [_thread_blocked, id=6256, stack(0x0000000017350000,0x0000000017450000)]

Other Threads:
  0x00000000161b7800 VMThread [stack: 0x0000000017250000,0x0000000017350000] [id=10316]
  0x000000001624e800 WatcherThread [stack: 0x0000000018060000,0x0000000018160000] [id=5772]

VM state:not at safepoint (normal execution)

VM Mutex/Monitor currently owned by a thread: None

Heap:
 PSYoungGen      total 28672K, used 24392K [0x00000000e0980000, 0x00000000e2980000, 0x0000000100000000)
  eden space 24576K, 82% used [0x00000000e0980000,0x00000000e1d55060,0x00000000e2180000)
  from space 4096K, 99% used [0x00000000e2180000,0x00000000e257d070,0x00000000e2580000)
  to   space 4096K, 0% used [0x00000000e2580000,0x00000000e2580000,0x00000000e2980000)
 ParOldGen       total 65536K, used 3077K [0x00000000a1c00000, 0x00000000a5c00000, 0x00000000e0980000)
  object space 65536K, 4% used [0x00000000a1c00000,0x00000000a1f01660,0x00000000a5c00000)
 Metaspace       used 18137K, capacity 18298K, committed 18432K, reserved 1064960K
  class space    used 2231K, capacity 2298K, committed 2304K, reserved 1048576K

Card table byte_map: [0x0000000011d30000,0x0000000012030000] byte_map_base: 0x0000000011822000

Marking Bits: (ParMarkBitMap*) 0x0000000069dd0600
 Begin Bits: [0x0000000012630000, 0x0000000013dc0000)
 End Bits:   [0x0000000013dc0000, 0x0000000015550000)

Polling page: 0x0000000000a80000

CodeCache: size=245760Kb used=6935Kb max_used=6947Kb free=238824Kb
 bounds [0x0000000002970000, 0x0000000003040000, 0x0000000011970000]
 total_blobs=2736 nmethods=2157 adapters=490
 compilation: enabled

Compilation events (10 events):
Event: 15.966 Thread 0x00000000161ef800 nmethod 2164 0x000000000301d290 code [0x000000000301d400, 0x000000000301d588]
Event: 15.966 Thread 0x00000000161ef800 2172       3       java.util.ArrayList::sort (48 bytes)
Event: 15.967 Thread 0x00000000161ef800 nmethod 2172 0x000000000301d610 code [0x000000000301d780, 0x000000000301d9d8]
Event: 15.967 Thread 0x00000000161ef800 2170       1       javax.swing.table.JTableHeader::getColumnModel (5 bytes)
Event: 15.967 Thread 0x00000000161ef800 nmethod 2170 0x000000000301dad0 code [0x000000000301dc20, 0x000000000301dd30]
Event: 15.967 Thread 0x00000000161ef800 2171       1       javax.swing.JTable::getModel (5 bytes)
Event: 15.967 Thread 0x00000000161ef800 nmethod 2171 0x000000000301dd90 code [0x000000000301dee0, 0x000000000301dff0]
Event: 15.968 Thread 0x00000000161ef800 2173       1       java.awt.AWTEvent::isConsumed (5 bytes)
Event: 15.968 Thread 0x00000000161ef800 nmethod 2173 0x000000000301e050 code [0x000000000301e1a0, 0x000000000301e2b0]
Event: 15.972 Thread 0x00000000161ef800 2174   !   3       javax.swing.JComponent::paintChildren (669 bytes)

GC Heap History (2 events):
Event: 11.965 GC heap before
{Heap before GC invocations=1 (full 0):
 PSYoungGen      total 28672K, used 23841K [0x00000000e0980000, 0x00000000e2980000, 0x0000000100000000)
  eden space 24576K, 97% used [0x00000000e0980000,0x00000000e20c86f8,0x00000000e2180000)
  from space 4096K, 0% used [0x00000000e2580000,0x00000000e2580000,0x00000000e2980000)
  to   space 4096K, 0% used [0x00000000e2180000,0x00000000e2180000,0x00000000e2580000)
 ParOldGen       total 65536K, used 0K [0x00000000a1c00000, 0x00000000a5c00000, 0x00000000e0980000)
  object space 65536K, 0% used [0x00000000a1c00000,0x00000000a1c00000,0x00000000a5c00000)
 Metaspace       used 16687K, capacity 16844K, committed 17024K, reserved 1064960K
  class space    used 2025K, capacity 2091K, committed 2176K, reserved 1048576K
Event: 11.975 GC heap after
Heap after GC invocations=1 (full 0):
 PSYoungGen      total 28672K, used 4084K [0x00000000e0980000, 0x00000000e2980000, 0x0000000100000000)
  eden space 24576K, 0% used [0x00000000e0980000,0x00000000e0980000,0x00000000e2180000)
  from space 4096K, 99% used [0x00000000e2180000,0x00000000e257d070,0x00000000e2580000)
  to   space 4096K, 0% used [0x00000000e2580000,0x00000000e2580000,0x00000000e2980000)
 ParOldGen       total 65536K, used 3077K [0x00000000a1c00000, 0x00000000a5c00000, 0x00000000e0980000)
  object space 65536K, 4% used [0x00000000a1c00000,0x00000000a1f01660,0x00000000a5c00000)
 Metaspace       used 16687K, capacity 16844K, committed 17024K, reserved 1064960K
  class space    used 2025K, capacity 2091K, committed 2176K, reserved 1048576K
}

Deoptimization events (10 events):
Event: 3.157 Thread 0x0000000018bbb000 Uncommon trap: reason=class_check action=maybe_recompile pc=0x0000000002af0a68 method=java.lang.String.equals(Ljava/lang/Object;)Z @ 8
Event: 3.157 Thread 0x0000000018bbb000 Uncommon trap: reason=class_check action=maybe_recompile pc=0x0000000002af0a68 method=java.lang.String.equals(Ljava/lang/Object;)Z @ 8
Event: 3.355 Thread 0x0000000018bbb000 Uncommon trap: reason=class_check action=maybe_recompile pc=0x0000000002af0a68 method=java.lang.String.equals(Ljava/lang/Object;)Z @ 8
Event: 15.470 Thread 0x0000000018bbb000 Uncommon trap: reason=null_check action=make_not_entrant pc=0x0000000002bf97b4 method=javax.swing.plaf.nimbus.DerivedColor.equals(Ljava/lang/Object;)Z @ 8
Event: 15.536 Thread 0x0000000018bbb000 Uncommon trap: reason=unstable_if action=reinterpret pc=0x0000000002bfb860 method=javax.swing.plaf.nimbus.DerivedColor.equals(Ljava/lang/Object;)Z @ 45
Event: 15.560 Thread 0x0000000018bbb000 Uncommon trap: reason=class_check action=maybe_recompile pc=0x0000000002f41f0c method=javax.swing.UIDefaults.getFromHashtable(Ljava/lang/Object;)Ljava/lang/Object; @ 92
Event: 15.587 Thread 0x0000000018bbb000 Uncommon trap: reason=class_check action=maybe_recompile pc=0x0000000002f41f0c method=javax.swing.UIDefaults.getFromHashtable(Ljava/lang/Object;)Ljava/lang/Object; @ 92
Event: 15.605 Thread 0x0000000018bbb000 Uncommon trap: reason=class_check action=maybe_recompile pc=0x0000000002f41f0c method=javax.swing.UIDefaults.getFromHashtable(Ljava/lang/Object;)Ljava/lang/Object; @ 92
Event: 15.607 Thread 0x0000000018bbb000 Uncommon trap: reason=class_check action=maybe_recompile pc=0x0000000002f41f0c method=javax.swing.UIDefaults.getFromHashtable(Ljava/lang/Object;)Ljava/lang/Object; @ 92
Event: 15.610 Thread 0x0000000018bbb000 Uncommon trap: reason=class_check action=maybe_recompile pc=0x0000000002f22060 method=javax.swing.UIDefaults.getFromHashtable(Ljava/lang/Object;)Ljava/lang/Object; @ 92

Internal exceptions (10 events):
Event: 0.356 Thread 0x0000000002870800 Exception <a 'java/lang/ClassNotFoundException': ToggleButton> (0x00000000e0d46068) thrown at [D:\re\workspace\8-2-build-windows-amd64-cygwin\jdk8u77\6540\hotspot\src\share\vm\classfile\systemDictionary.cpp, line 210]
Event: 0.356 Thread 0x0000000002870800 Exception <a 'java/lang/ClassNotFoundException': javax/swing/JToolBarSeparator> (0x00000000e0d464c8) thrown at [D:\re\workspace\8-2-build-windows-amd64-cygwin\jdk8u77\6540\hotspot\src\share\vm\classfile\systemDictionary.cpp, line 210]
Event: 0.357 Thread 0x0000000002870800 Exception <a 'java/lang/ClassNotFoundException': ToolBarSeparator> (0x00000000e0d46960) thrown at [D:\re\workspace\8-2-build-windows-amd64-cygwin\jdk8u77\6540\hotspot\src\share\vm\classfile\systemDictionary.cpp, line 210]
Event: 0.357 Thread 0x0000000002870800 Exception <a 'java/lang/ClassNotFoundException': ToolTip> (0x00000000e0d470a0) thrown at [D:\re\workspace\8-2-build-windows-amd64-cygwin\jdk8u77\6540\hotspot\src\share\vm\classfile\systemDictionary.cpp, line 210]
Event: 0.358 Thread 0x0000000002870800 Exception <a 'java/lang/ClassNotFoundException': Tree> (0x00000000e0d47cc0) thrown at [D:\re\workspace\8-2-build-windows-amd64-cygwin\jdk8u77\6540\hotspot\src\share\vm\classfile\systemDictionary.cpp, line 210]
Event: 0.359 Thread 0x0000000002870800 Exception <a 'java/lang/ClassNotFoundException': Tree> (0x00000000e0d48400) thrown at [D:\re\workspace\8-2-build-windows-amd64-cygwin\jdk8u77\6540\hotspot\src\share\vm\classfile\systemDictionary.cpp, line 210]
Event: 0.359 Thread 0x0000000002870800 Exception <a 'java/lang/ClassNotFoundException': javax/swing/JTreeCell> (0x00000000e0d48780) thrown at [D:\re\workspace\8-2-build-windows-amd64-cygwin\jdk8u77\6540\hotspot\src\share\vm\classfile\systemDictionary.cpp, line 210]
Event: 0.359 Thread 0x0000000002870800 Exception <a 'java/lang/ClassNotFoundException': TreeCell> (0x00000000e0d48c08) thrown at [D:\re\workspace\8-2-build-windows-amd64-cygwin\jdk8u77\6540\hotspot\src\share\vm\classfile\systemDictionary.cpp, line 210]
Event: 0.361 Thread 0x0000000002870800 Exception <a 'java/lang/ClassNotFoundException': RootPane> (0x00000000e0d49668) thrown at [D:\re\workspace\8-2-build-windows-amd64-cygwin\jdk8u77\6540\hotspot\src\share\vm\classfile\systemDictionary.cpp, line 210]
Event: 15.470 Thread 0x0000000018bbb000 Implicit null exception at 0x0000000002bf949a to 0x0000000002bf97a5

Events (10 events):
Event: 15.791 loading class javax/swing/JTable$2
Event: 15.791 loading class javax/swing/JTable$Resizable3
Event: 15.791 loading class javax/swing/JTable$Resizable2
Event: 15.791 loading class javax/swing/JTable$Resizable2 done
Event: 15.791 loading class javax/swing/JTable$Resizable3 done
Event: 15.791 loading class javax/swing/JTable$2 done
Event: 15.791 loading class javax/swing/JTable$5
Event: 15.791 loading class javax/swing/JTable$5 done
Event: 15.799 loading class javax/swing/JTable$4
Event: 15.799 loading class javax/swing/JTable$4 done


Dynamic libraries:
0x00007ff6a1640000 - 0x00007ff6a1677000 	C:\Program Files\Java\jdk1.8.0_77\bin\java.exe
0x00007ffbbe7e0000 - 0x00007ffbbe9cd000 	C:\WINDOWS\SYSTEM32\ntdll.dll
0x00007ffbbbb30000 - 0x00007ffbbbbe3000 	C:\WINDOWS\System32\KERNEL32.DLL
0x00007ffbbb260000 - 0x00007ffbbb4f3000 	C:\WINDOWS\System32\KERNELBASE.dll
0x00007ffbbdf60000 - 0x00007ffbbe003000 	C:\WINDOWS\System32\ADVAPI32.dll
0x00007ffbbe710000 - 0x00007ffbbe7ae000 	C:\WINDOWS\System32\msvcrt.dll
0x00007ffbbbd90000 - 0x00007ffbbbe2e000 	C:\WINDOWS\System32\sechost.dll
0x00007ffbbde30000 - 0x00007ffbbdf52000 	C:\WINDOWS\System32\RPCRT4.dll
0x00007ffbbe170000 - 0x00007ffbbe307000 	C:\WINDOWS\System32\USER32.dll
0x00007ffbba9a0000 - 0x00007ffbba9c0000 	C:\WINDOWS\System32\win32u.dll
0x00007ffbbbd60000 - 0x00007ffbbbd89000 	C:\WINDOWS\System32\GDI32.dll
0x00007ffbbb530000 - 0x00007ffbbb6c9000 	C:\WINDOWS\System32\gdi32full.dll
0x00007ffbbb6d0000 - 0x00007ffbbb770000 	C:\WINDOWS\System32\msvcp_win.dll
0x00007ffbba8a0000 - 0x00007ffbba99a000 	C:\WINDOWS\System32\ucrtbase.dll
0x00007ffbb1b80000 - 0x00007ffbb1df9000 	C:\WINDOWS\WinSxS\amd64_microsoft.windows.common-controls_6595b64144ccf1df_6.0.17763.737_none_05b6437c071e554b\COMCTL32.dll
0x00007ffbbe3e0000 - 0x00007ffbbe70c000 	C:\WINDOWS\System32\combase.dll
0x00007ffbbb1c0000 - 0x00007ffbbb23e000 	C:\WINDOWS\System32\bcryptPrimitives.dll
0x00007ffbbd6d0000 - 0x00007ffbbd6fe000 	C:\WINDOWS\System32\IMM32.DLL
0x00000000694e0000 - 0x00000000695b2000 	C:\Program Files\Java\jdk1.8.0_77\jre\bin\msvcr100.dll
0x00000000695c0000 - 0x0000000069e50000 	C:\Program Files\Java\jdk1.8.0_77\jre\bin\server\jvm.dll
0x00007ffbbc150000 - 0x00007ffbbc158000 	C:\WINDOWS\System32\PSAPI.DLL
0x00007ffbae9c0000 - 0x00007ffbae9ca000 	C:\WINDOWS\SYSTEM32\VERSION.dll
0x00007ffbb7460000 - 0x00007ffbb7469000 	C:\WINDOWS\SYSTEM32\WSOCK32.dll
0x00007ffbad740000 - 0x00007ffbad764000 	C:\WINDOWS\SYSTEM32\WINMM.dll
0x00007ffbbbeb0000 - 0x00007ffbbbf1d000 	C:\WINDOWS\System32\WS2_32.dll
0x00007ffbad710000 - 0x00007ffbad73d000 	C:\WINDOWS\SYSTEM32\winmmbase.dll
0x00007ffbbb9b0000 - 0x00007ffbbb9fa000 	C:\WINDOWS\System32\cfgmgr32.dll
0x0000000069490000 - 0x000000006949f000 	C:\Program Files\Java\jdk1.8.0_77\jre\bin\verify.dll
0x0000000069460000 - 0x0000000069489000 	C:\Program Files\Java\jdk1.8.0_77\jre\bin\java.dll
0x0000000069440000 - 0x0000000069456000 	C:\Program Files\Java\jdk1.8.0_77\jre\bin\zip.dll
0x00007ffbbc170000 - 0x00007ffbbd662000 	C:\WINDOWS\System32\SHELL32.dll
0x00007ffbbe010000 - 0x00007ffbbe0b8000 	C:\WINDOWS\System32\shcore.dll
0x00007ffbba9c0000 - 0x00007ffbbb10a000 	C:\WINDOWS\System32\windows.storage.dll
0x00007ffbba870000 - 0x00007ffbba894000 	C:\WINDOWS\System32\profapi.dll
0x00007ffbba7f0000 - 0x00007ffbba84d000 	C:\WINDOWS\System32\powrprof.dll
0x00007ffbbbf20000 - 0x00007ffbbbf72000 	C:\WINDOWS\System32\shlwapi.dll
0x00007ffbba7d0000 - 0x00007ffbba7e1000 	C:\WINDOWS\System32\kernel.appcore.dll
0x00007ffbbb240000 - 0x00007ffbbb257000 	C:\WINDOWS\System32\cryptsp.dll
0x0000000069260000 - 0x00000000693f8000 	C:\Program Files\Java\jdk1.8.0_77\jre\bin\awt.dll
0x00007ffbbe310000 - 0x00007ffbbe3d4000 	C:\WINDOWS\System32\OLEAUT32.dll
0x00007ffbb8cf0000 - 0x00007ffbb8d7c000 	C:\WINDOWS\SYSTEM32\apphelp.dll
0x00007ffbb8da0000 - 0x00007ffbb8e3c000 	C:\WINDOWS\system32\uxtheme.dll
0x00007ffbbbbf0000 - 0x00007ffbbbd5b000 	C:\WINDOWS\System32\MSCTF.dll
0x00007ffbb8e70000 - 0x00007ffbb8e9e000 	C:\WINDOWS\system32\dwmapi.dll
0x00007ffbbb7d0000 - 0x00007ffbbb9ab000 	C:\WINDOWS\System32\CRYPT32.dll
0x00007ffbba850000 - 0x00007ffbba862000 	C:\WINDOWS\System32\MSASN1.dll
0x00007ffbbbfe0000 - 0x00007ffbbc135000 	C:\WINDOWS\System32\ole32.dll
0x0000000069210000 - 0x0000000069257000 	C:\Program Files\Java\jdk1.8.0_77\jre\bin\fontmanager.dll
0x0000000069420000 - 0x000000006943a000 	C:\Program Files\Java\jdk1.8.0_77\jre\bin\net.dll
0x00007ffbba040000 - 0x00007ffbba0a7000 	C:\WINDOWS\system32\mswsock.dll
0x00007ffbb9da0000 - 0x00007ffbb9e66000 	C:\WINDOWS\SYSTEM32\DNSAPI.dll
0x00007ffbbc160000 - 0x00007ffbbc168000 	C:\WINDOWS\System32\NSI.dll
0x00007ffbb9d60000 - 0x00007ffbb9d9d000 	C:\WINDOWS\SYSTEM32\IPHLPAPI.DLL
0x00007ffbb0760000 - 0x00007ffbb076a000 	C:\Windows\System32\rasadhlp.dll
0x00007ffbb0770000 - 0x00007ffbb07e9000 	C:\WINDOWS\System32\fwpuclnt.dll
0x00007ffbbb500000 - 0x00007ffbbb526000 	C:\WINDOWS\System32\bcrypt.dll
0x0000000069140000 - 0x0000000069171000 	C:\Program Files\Java\jdk1.8.0_77\jre\bin\jpeg.dll
0x00007ffbbe0c0000 - 0x00007ffbbe162000 	C:\WINDOWS\System32\clbcatq.dll
0x00007ffba9150000 - 0x00007ffba9308000 	C:\WINDOWS\SYSTEM32\WindowsCodecs.dll
0x00007ffba7450000 - 0x00007ffba74a6000 	C:\WINDOWS\system32\dataexchange.dll
0x00007ffbb8330000 - 0x00007ffbb85ae000 	C:\WINDOWS\system32\d3d11.dll
0x00007ffbb8910000 - 0x00007ffbb8ad3000 	C:\WINDOWS\system32\dcomp.dll
0x00007ffbb95d0000 - 0x00007ffbb9692000 	C:\WINDOWS\system32\dxgi.dll
0x00007ffbb8f50000 - 0x00007ffbb915d000 	C:\WINDOWS\system32\twinapi.appcore.dll
0x00007ffbb9160000 - 0x00007ffbb9188000 	C:\WINDOWS\system32\RMCLIENT.dll
0x00007ffbad120000 - 0x00007ffbad1b5000 	C:\WINDOWS\System32\TextInputFramework.dll
0x00007ffbacd20000 - 0x00007ffbad042000 	C:\WINDOWS\System32\CoreUIComponents.dll
0x00007ffbb8bd0000 - 0x00007ffbb8cb2000 	C:\WINDOWS\System32\CoreMessaging.dll
0x00007ffbb9840000 - 0x00007ffbb9871000 	C:\WINDOWS\SYSTEM32\ntmarta.dll
0x00007ffbb6970000 - 0x00007ffbb6ac3000 	C:\WINDOWS\SYSTEM32\wintypes.dll
0x0000000069400000 - 0x0000000069411000 	C:\Program Files\Java\jdk1.8.0_77\jre\bin\nio.dll
0x00000000691c0000 - 0x0000000069202000 	C:\Program Files\Java\jdk1.8.0_77\jre\bin\t2k.dll
0x0000000069180000 - 0x00000000691aa000 	C:\Program Files\Java\jdk1.8.0_77\jre\bin\dcpr.dll

VM Arguments:
jvm_args: -Dfile.encoding=UTF-8 
java_command: visao.FRMLogin
java_class_path (initial): C:\Program Files\NetBeans 8.1\java\modules\ext\AbsoluteLayout.jar;D:\Backup\Documents\NetBeansProjects\FedPapers2.0\jar\jcalendar-1.3.3.jar;D:\Backup\Documents\NetBeansProjects\FedPapers2.0\jar\commons-email-1.2.jar;D:\Backup\Documents\NetBeansProjects\FedPapers2.0\jar\activation.jar;D:\Backup\Documents\NetBeansProjects\FedPapers2.0\jar\mail-1.4.3.jar;D:\Backup\Documents\NetBeansProjects\Restaurante\jar\mysql-connector-java-5.1.23-bin.jar;D:\Backup\Documents\NetBeansProjects\Restaurante\build\classes
Launcher Type: SUN_STANDARD

Environment Variables:
PATH=C:\Program Files (x86)\Common Files\Oracle\Java\javapath;C:\WINDOWS\system32;C:\WINDOWS;C:\WINDOWS\System32\Wbem;C:\WINDOWS\System32\WindowsPowerShell\v1.0\;C:\Program Files (x86)\Windows Kits\10\Windows Performance Toolkit\;C:\WINDOWS\System32\OpenSSH\;C:\Users\Daniel\AppData\Local\Microsoft\WindowsApps;
USERNAME=Daniel
OS=Windows_NT
PROCESSOR_IDENTIFIER=Intel64 Family 6 Model 69 Stepping 1, GenuineIntel



---------------  S Y S T E M  ---------------

OS: Windows 10.0 , 64 bit Build 17763 (10.0.17763.475)

CPU:total 4 (2 cores per cpu, 2 threads per core) family 6 model 69 stepping 1, cmov, cx8, fxsr, mmx, sse, sse2, sse3, ssse3, sse4.1, sse4.2, popcnt, avx, avx2, aes, clmul, erms, lzcnt, ht, tsc, tscinvbit, bmi1, bmi2

Memory: 4k page, physical 6168856k(644940k free), swap 6168856k(6632k free)

vm_info: Java HotSpot(TM) 64-Bit Server VM (25.77-b03) for windows-amd64 JRE (1.8.0_77-b03), built on Mar 20 2016 22:01:33 by "java_re" with MS VC++ 10.0 (VS2010)

time: Sun Sep 29 15:03:33 2019
elapsed time: 16 seconds (0d 0h 0m 16s)

