#
# There is insufficient memory for the Java Runtime Environment to continue.
# Native memory allocation (malloc) failed to allocate 829456 bytes for Chunk::new
# Possible reasons:
#   The system is out of physical RAM or swap space
#   In 32 bit mode, the process size limit was hit
# Possible solutions:
#   Reduce memory load on the system
#   Increase physical memory or swap space
#   Check if swap backing store is full
#   Use 64 bit Java on a 64 bit OS
#   Decrease Java heap size (-Xmx/-Xms)
#   Decrease number of Java threads
#   Decrease Java thread stack sizes (-Xss)
#   Set larger code cache with -XX:ReservedCodeCacheSize=
# This output file may be truncated or incomplete.
#
#  Out of Memory Error (allocation.cpp:390), pid=4760, tid=7140
#
# JRE version: Java(TM) SE Runtime Environment (8.0_77-b03) (build 1.8.0_77-b03)
# Java VM: Java HotSpot(TM) 64-Bit Server VM (25.77-b03 mixed mode windows-amd64 compressed oops)
# Failed to write core dump. Minidumps are not enabled by default on client versions of Windows
#

---------------  T H R E A D  ---------------

Current thread (0x0000000015eaf800):  JavaThread "C2 CompilerThread1" daemon [_thread_in_native, id=7140, stack(0x0000000017610000,0x0000000017710000)]

Stack: [0x0000000017610000,0x0000000017710000]
[error occurred during error reporting (printing stack bounds), id 0xc0000005]

Native frames: (J=compiled Java code, j=interpreted, Vv=VM code, C=native code)


Current CompileTask:
C2:  13995 1986       4      
[error occurred during error reporting (printing current compile task), id 0xe0000001]


---------------  P R O C E S S  ---------------

Java Threads: ( => current thread )
  0x00000000181d4000 JavaThread "Image Fetcher 0" daemon [_thread_blocked, id=3680, stack(0x000000001aea0000,0x000000001afa0000)]
  0x00000000182d4800 JavaThread "TimerQueue" daemon [_thread_blocked, id=5048, stack(0x000000001aba0000,0x000000001aca0000)]
  0x0000000017c0d800 JavaThread "Abandoned connection cleanup thread" daemon [_thread_blocked, id=7908, stack(0x0000000019090000,0x0000000019190000)]
  0x0000000002530800 JavaThread "DestroyJavaVM" [_thread_blocked, id=3340, stack(0x0000000002430000,0x0000000002530000)]
  0x0000000017be5800 JavaThread "AWT-EventQueue-0" [_thread_in_vm, id=7128, stack(0x0000000018f90000,0x0000000019090000)]
  0x0000000017bcd000 JavaThread "AWT-Windows" daemon [_thread_in_native, id=5528, stack(0x0000000018970000,0x0000000018a70000)]
  0x0000000017bca000 JavaThread "AWT-Shutdown" [_thread_blocked, id=2684, stack(0x0000000018870000,0x0000000018970000)]
  0x0000000017fb3800 JavaThread "Java2D Disposer" daemon [_thread_blocked, id=8856, stack(0x0000000018770000,0x0000000018870000)]
  0x0000000017840800 JavaThread "Service Thread" daemon [_thread_blocked, id=11876, stack(0x0000000017c10000,0x0000000017d10000)]
  0x0000000015eb6000 JavaThread "C1 CompilerThread2" daemon [_thread_in_native, id=8236, stack(0x0000000017710000,0x0000000017810000)]
=>0x0000000015eaf800 JavaThread "C2 CompilerThread1" daemon [_thread_in_native, id=7140, stack(0x0000000017610000,0x0000000017710000)]
  0x0000000015ead800 JavaThread "C2 CompilerThread0" daemon [_thread_in_native, id=7524, stack(0x0000000017510000,0x0000000017610000)]
  0x0000000015eac000 JavaThread "Attach Listener" daemon [_thread_blocked, id=10692, stack(0x0000000017410000,0x0000000017510000)]
  0x0000000015eab000 JavaThread "Signal Dispatcher" daemon [_thread_blocked, id=7900, stack(0x0000000017310000,0x0000000017410000)]
  0x000000000262d800 JavaThread "Finalizer" daemon [_thread_blocked, id=12276, stack(0x0000000017100000,0x0000000017200000)]
  0x0000000002622000 JavaThread "Reference Handler" daemon [_thread_blocked, id=13076, stack(0x0000000017000000,0x0000000017100000)]

Other Threads:
  0x0000000015e77800 VMThread [stack: 0x0000000016f00000,0x0000000017000000] [id=1160]
  0x0000000015f0e800 WatcherThread [stack: 0x0000000017d10000,0x0000000017e10000] [id=11416]

VM state:not at safepoint (normal execution)

VM Mutex/Monitor currently owned by a thread: None

Heap:
 PSYoungGen      total 28672K, used 23318K [0x00000000e0980000, 0x00000000e2980000, 0x0000000100000000)
  eden space 24576K, 78% used [0x00000000e0980000,0x00000000e1c48a98,0x00000000e2180000)
  from space 4096K, 99% used [0x00000000e2180000,0x00000000e257d060,0x00000000e2580000)
  to   space 4096K, 0% used [0x00000000e2580000,0x00000000e2580000,0x00000000e2980000)
 ParOldGen       total 65536K, used 6422K [0x00000000a1c00000, 0x00000000a5c00000, 0x00000000e0980000)
  object space 65536K, 9% used [0x00000000a1c00000,0x00000000a22459e8,0x00000000a5c00000)
 Metaspace       used 17988K, capacity 18166K, committed 18432K, reserved 1064960K
  class space    used 2223K, capacity 2298K, committed 2304K, reserved 1048576K

Card table byte_map: [0x00000000119f0000,0x0000000011cf0000] byte_map_base: 0x00000000114e2000

Marking Bits: (ParMarkBitMap*) 0x0000000069dd0600
 Begin Bits: [0x00000000122f0000, 0x0000000013a80000)
 End Bits:   [0x0000000013a80000, 0x0000000015210000)

Polling page: 0x00000000003c0000

CodeCache: size=245760Kb used=6233Kb max_used=6233Kb free=239527Kb
 bounds [0x0000000002630000, 0x0000000002c50000, 0x0000000011630000]
 total_blobs=2529 nmethods=1950 adapters=490
 compilation: enabled

Compilation events (10 events):
Event: 13.962 Thread 0x0000000015eb6000 nmethod 2004 0x0000000002c4abd0 code [0x0000000002c4ad40, 0x0000000002c4b1b0]
Event: 13.962 Thread 0x0000000015eb6000 2005       3       javax.swing.GroupLayout$Spring::getMinimumSize (27 bytes)
Event: 13.963 Thread 0x0000000015eb6000 nmethod 2005 0x0000000002c4b310 code [0x0000000002c4b480, 0x0000000002c4b868]
Event: 13.965 Thread 0x0000000015eb6000 2006       3       java.util.ArrayList::clear (39 bytes)
Event: 13.966 Thread 0x0000000015eb6000 nmethod 2006 0x0000000002c4b990 code [0x0000000002c4bb00, 0x0000000002c4be70]
Event: 13.966 Thread 0x0000000015eb6000 2008       3       java.awt.geom.AffineTransform::<init> (15 bytes)
Event: 13.966 Thread 0x0000000015eb6000 nmethod 2008 0x0000000002c4bfd0 code [0x0000000002c4c120, 0x0000000002c4c2f0]
Event: 13.966 Thread 0x0000000015eb6000 2007       1       javax.swing.GroupLayout$Spring::getParent (5 bytes)
Event: 13.966 Thread 0x0000000015eb6000 nmethod 2007 0x0000000002c4c390 code [0x0000000002c4c4e0, 0x0000000002c4c5f0]
Event: 13.969 Thread 0x0000000015eb6000 2009       3       sun.font.FileFontStrike::getGlyphAdvance (396 bytes)

GC Heap History (2 events):
Event: 10.905 GC heap before
{Heap before GC invocations=1 (full 0):
 PSYoungGen      total 28672K, used 23951K [0x00000000e0980000, 0x00000000e2980000, 0x0000000100000000)
  eden space 24576K, 97% used [0x00000000e0980000,0x00000000e20e3d20,0x00000000e2180000)
  from space 4096K, 0% used [0x00000000e2580000,0x00000000e2580000,0x00000000e2980000)
  to   space 4096K, 0% used [0x00000000e2180000,0x00000000e2180000,0x00000000e2580000)
 ParOldGen       total 65536K, used 0K [0x00000000a1c00000, 0x00000000a5c00000, 0x00000000e0980000)
  object space 65536K, 0% used [0x00000000a1c00000,0x00000000a1c00000,0x00000000a5c00000)
 Metaspace       used 16722K, capacity 16904K, committed 17280K, reserved 1064960K
  class space    used 2024K, capacity 2091K, committed 2176K, reserved 1048576K
Event: 10.914 GC heap after
Heap after GC invocations=1 (full 0):
 PSYoungGen      total 28672K, used 4084K [0x00000000e0980000, 0x00000000e2980000, 0x0000000100000000)
  eden space 24576K, 0% used [0x00000000e0980000,0x00000000e0980000,0x00000000e2180000)
  from space 4096K, 99% used [0x00000000e2180000,0x00000000e257d060,0x00000000e2580000)
  to   space 4096K, 0% used [0x00000000e2580000,0x00000000e2580000,0x00000000e2980000)
 ParOldGen       total 65536K, used 6422K [0x00000000a1c00000, 0x00000000a5c00000, 0x00000000e0980000)
  object space 65536K, 9% used [0x00000000a1c00000,0x00000000a22459e8,0x00000000a5c00000)
 Metaspace       used 16722K, capacity 16904K, committed 17280K, reserved 1064960K
  class space    used 2024K, capacity 2091K, committed 2176K, reserved 1048576K
}

Deoptimization events (10 events):
Event: 1.873 Thread 0x0000000017be5800 Uncommon trap: reason=bimorphic action=maybe_recompile pc=0x0000000002825168 method=java.util.HashMap.putVal(ILjava/lang/Object;Ljava/lang/Object;ZZ)Ljava/lang/Object; @ 152
Event: 5.325 Thread 0x0000000017be5800 Uncommon trap: reason=class_check action=maybe_recompile pc=0x00000000027b19a8 method=java.lang.String.equals(Ljava/lang/Object;)Z @ 8
Event: 5.325 Thread 0x0000000017be5800 Uncommon trap: reason=class_check action=maybe_recompile pc=0x00000000027b19a8 method=java.lang.String.equals(Ljava/lang/Object;)Z @ 8
Event: 5.470 Thread 0x0000000017be5800 Uncommon trap: reason=class_check action=maybe_recompile pc=0x00000000027b19a8 method=java.lang.String.equals(Ljava/lang/Object;)Z @ 8
Event: 13.805 Thread 0x0000000017be5800 Uncommon trap: reason=null_check action=make_not_entrant pc=0x00000000028c1a74 method=javax.swing.plaf.nimbus.DerivedColor.equals(Ljava/lang/Object;)Z @ 8
Event: 13.867 Thread 0x0000000017be5800 Uncommon trap: reason=unstable_if action=reinterpret pc=0x00000000028be360 method=javax.swing.plaf.nimbus.DerivedColor.equals(Ljava/lang/Object;)Z @ 45
Event: 13.890 Thread 0x0000000017be5800 Uncommon trap: reason=class_check action=maybe_recompile pc=0x0000000002bf24e0 method=javax.swing.UIDefaults.getFromHashtable(Ljava/lang/Object;)Ljava/lang/Object; @ 92
Event: 13.909 Thread 0x0000000017be5800 Uncommon trap: reason=class_check action=maybe_recompile pc=0x0000000002bf24e0 method=javax.swing.UIDefaults.getFromHashtable(Ljava/lang/Object;)Ljava/lang/Object; @ 92
Event: 13.925 Thread 0x0000000017be5800 Uncommon trap: reason=class_check action=maybe_recompile pc=0x0000000002bf24e0 method=javax.swing.UIDefaults.getFromHashtable(Ljava/lang/Object;)Ljava/lang/Object; @ 92
Event: 13.926 Thread 0x0000000017be5800 Uncommon trap: reason=class_check action=maybe_recompile pc=0x0000000002bf24e0 method=javax.swing.UIDefaults.getFromHashtable(Ljava/lang/Object;)Ljava/lang/Object; @ 92

Internal exceptions (10 events):
Event: 0.335 Thread 0x0000000002530800 Exception <a 'java/lang/ClassNotFoundException': ToggleButton> (0x00000000e0d46068) thrown at [D:\re\workspace\8-2-build-windows-amd64-cygwin\jdk8u77\6540\hotspot\src\share\vm\classfile\systemDictionary.cpp, line 210]
Event: 0.335 Thread 0x0000000002530800 Exception <a 'java/lang/ClassNotFoundException': javax/swing/JToolBarSeparator> (0x00000000e0d464c8) thrown at [D:\re\workspace\8-2-build-windows-amd64-cygwin\jdk8u77\6540\hotspot\src\share\vm\classfile\systemDictionary.cpp, line 210]
Event: 0.335 Thread 0x0000000002530800 Exception <a 'java/lang/ClassNotFoundException': ToolBarSeparator> (0x00000000e0d46960) thrown at [D:\re\workspace\8-2-build-windows-amd64-cygwin\jdk8u77\6540\hotspot\src\share\vm\classfile\systemDictionary.cpp, line 210]
Event: 0.335 Thread 0x0000000002530800 Exception <a 'java/lang/ClassNotFoundException': ToolTip> (0x00000000e0d470a0) thrown at [D:\re\workspace\8-2-build-windows-amd64-cygwin\jdk8u77\6540\hotspot\src\share\vm\classfile\systemDictionary.cpp, line 210]
Event: 0.347 Thread 0x0000000002530800 Exception <a 'java/lang/ClassNotFoundException': Tree> (0x00000000e0d47cc0) thrown at [D:\re\workspace\8-2-build-windows-amd64-cygwin\jdk8u77\6540\hotspot\src\share\vm\classfile\systemDictionary.cpp, line 210]
Event: 0.348 Thread 0x0000000002530800 Exception <a 'java/lang/ClassNotFoundException': Tree> (0x00000000e0d48400) thrown at [D:\re\workspace\8-2-build-windows-amd64-cygwin\jdk8u77\6540\hotspot\src\share\vm\classfile\systemDictionary.cpp, line 210]
Event: 0.348 Thread 0x0000000002530800 Exception <a 'java/lang/ClassNotFoundException': javax/swing/JTreeCell> (0x00000000e0d48780) thrown at [D:\re\workspace\8-2-build-windows-amd64-cygwin\jdk8u77\6540\hotspot\src\share\vm\classfile\systemDictionary.cpp, line 210]
Event: 0.348 Thread 0x0000000002530800 Exception <a 'java/lang/ClassNotFoundException': TreeCell> (0x00000000e0d48c08) thrown at [D:\re\workspace\8-2-build-windows-amd64-cygwin\jdk8u77\6540\hotspot\src\share\vm\classfile\systemDictionary.cpp, line 210]
Event: 0.349 Thread 0x0000000002530800 Exception <a 'java/lang/ClassNotFoundException': RootPane> (0x00000000e0d49668) thrown at [D:\re\workspace\8-2-build-windows-amd64-cygwin\jdk8u77\6540\hotspot\src\share\vm\classfile\systemDictionary.cpp, line 210]
Event: 13.805 Thread 0x0000000017be5800 Implicit null exception at 0x00000000028c175a to 0x00000000028c1a65

Events (10 events):
Event: 13.925 Thread 0x0000000017be5800 Uncommon trap: trap_request=0xffffffde fr.pc=0x0000000002bf24e0
Event: 13.925 Thread 0x0000000017be5800 DEOPT PACKING pc=0x0000000002bf24e0 sp=0x000000001908c1c0
Event: 13.925 Thread 0x0000000017be5800 DEOPT UNPACKING pc=0x000000000267582a sp=0x000000001908c158 mode 2
Event: 13.925 loading class javax/swing/plaf/nimbus/TableScrollPaneCorner
Event: 13.925 loading class javax/swing/plaf/nimbus/TableScrollPaneCorner done
Event: 13.926 Thread 0x0000000017be5800 Uncommon trap: trap_request=0xffffffde fr.pc=0x0000000002bf24e0
Event: 13.926 Thread 0x0000000017be5800 DEOPT PACKING pc=0x0000000002bf24e0 sp=0x000000001908c1c0
Event: 13.926 Thread 0x0000000017be5800 DEOPT UNPACKING pc=0x000000000267582a sp=0x000000001908c158 mode 2
Event: 13.961 loading class javax/swing/GroupLayout$AutoPreferredGapMatch
Event: 13.961 loading class javax/swing/GroupLayout$AutoPreferredGapMatch done


Dynamic libraries:
0x00007ff6af500000 - 0x00007ff6af537000 	C:\Program Files\Java\jdk1.8.0_77\bin\java.exe
0x00007ffbbe7e0000 - 0x00007ffbbe9cd000 	C:\WINDOWS\SYSTEM32\ntdll.dll
0x00007ffbbbb30000 - 0x00007ffbbbbe3000 	C:\WINDOWS\System32\KERNEL32.DLL
0x00007ffbbb260000 - 0x00007ffbbb4f3000 	C:\WINDOWS\System32\KERNELBASE.dll
0x00007ffbbdf60000 - 0x00007ffbbe003000 	C:\WINDOWS\System32\ADVAPI32.dll
0x00007ffbbe710000 - 0x00007ffbbe7ae000 	C:\WINDOWS\System32\msvcrt.dll
0x00007ffbbbd90000 - 0x00007ffbbbe2e000 	C:\WINDOWS\System32\sechost.dll
0x00007ffbbde30000 - 0x00007ffbbdf52000 	C:\WINDOWS\System32\RPCRT4.dll
0x00007ffbbe170000 - 0x00007ffbbe307000 	C:\WINDOWS\System32\USER32.dll
0x00007ffbba9a0000 - 0x00007ffbba9c0000 	C:\WINDOWS\System32\win32u.dll
0x00007ffbbbd60000 - 0x00007ffbbbd89000 	C:\WINDOWS\System32\GDI32.dll
0x00007ffbbb530000 - 0x00007ffbbb6c9000 	C:\WINDOWS\System32\gdi32full.dll
0x00007ffbbb6d0000 - 0x00007ffbbb770000 	C:\WINDOWS\System32\msvcp_win.dll
0x00007ffbba8a0000 - 0x00007ffbba99a000 	C:\WINDOWS\System32\ucrtbase.dll
0x00007ffbb1b80000 - 0x00007ffbb1df9000 	C:\WINDOWS\WinSxS\amd64_microsoft.windows.common-controls_6595b64144ccf1df_6.0.17763.737_none_05b6437c071e554b\COMCTL32.dll
0x00007ffbbe3e0000 - 0x00007ffbbe70c000 	C:\WINDOWS\System32\combase.dll
0x00007ffbbb1c0000 - 0x00007ffbbb23e000 	C:\WINDOWS\System32\bcryptPrimitives.dll
0x00007ffbbd6d0000 - 0x00007ffbbd6fe000 	C:\WINDOWS\System32\IMM32.DLL
0x00000000694e0000 - 0x00000000695b2000 	C:\Program Files\Java\jdk1.8.0_77\jre\bin\msvcr100.dll
0x00000000695c0000 - 0x0000000069e50000 	C:\Program Files\Java\jdk1.8.0_77\jre\bin\server\jvm.dll
0x00007ffbbc150000 - 0x00007ffbbc158000 	C:\WINDOWS\System32\PSAPI.DLL
0x00007ffbad740000 - 0x00007ffbad764000 	C:\WINDOWS\SYSTEM32\WINMM.dll
0x00007ffbae9c0000 - 0x00007ffbae9ca000 	C:\WINDOWS\SYSTEM32\VERSION.dll
0x00007ffbb7460000 - 0x00007ffbb7469000 	C:\WINDOWS\SYSTEM32\WSOCK32.dll
0x00007ffbbbeb0000 - 0x00007ffbbbf1d000 	C:\WINDOWS\System32\WS2_32.dll
0x00007ffbad710000 - 0x00007ffbad73d000 	C:\WINDOWS\SYSTEM32\winmmbase.dll
0x00007ffbbb9b0000 - 0x00007ffbbb9fa000 	C:\WINDOWS\System32\cfgmgr32.dll
0x0000000069490000 - 0x000000006949f000 	C:\Program Files\Java\jdk1.8.0_77\jre\bin\verify.dll
0x0000000069460000 - 0x0000000069489000 	C:\Program Files\Java\jdk1.8.0_77\jre\bin\java.dll
0x0000000069440000 - 0x0000000069456000 	C:\Program Files\Java\jdk1.8.0_77\jre\bin\zip.dll
0x00007ffbbc170000 - 0x00007ffbbd662000 	C:\WINDOWS\System32\SHELL32.dll
0x00007ffbbe010000 - 0x00007ffbbe0b8000 	C:\WINDOWS\System32\shcore.dll
0x00007ffbba9c0000 - 0x00007ffbbb10a000 	C:\WINDOWS\System32\windows.storage.dll
0x00007ffbba870000 - 0x00007ffbba894000 	C:\WINDOWS\System32\profapi.dll
0x00007ffbba7f0000 - 0x00007ffbba84d000 	C:\WINDOWS\System32\powrprof.dll
0x00007ffbbbf20000 - 0x00007ffbbbf72000 	C:\WINDOWS\System32\shlwapi.dll
0x00007ffbba7d0000 - 0x00007ffbba7e1000 	C:\WINDOWS\System32\kernel.appcore.dll
0x00007ffbbb240000 - 0x00007ffbbb257000 	C:\WINDOWS\System32\cryptsp.dll
0x0000000069260000 - 0x00000000693f8000 	C:\Program Files\Java\jdk1.8.0_77\jre\bin\awt.dll
0x00007ffbbe310000 - 0x00007ffbbe3d4000 	C:\WINDOWS\System32\OLEAUT32.dll
0x00007ffbb8cf0000 - 0x00007ffbb8d7c000 	C:\WINDOWS\SYSTEM32\apphelp.dll
0x00007ffbb8da0000 - 0x00007ffbb8e3c000 	C:\WINDOWS\system32\uxtheme.dll
0x00007ffbbbbf0000 - 0x00007ffbbbd5b000 	C:\WINDOWS\System32\MSCTF.dll
0x00007ffbb8e70000 - 0x00007ffbb8e9e000 	C:\WINDOWS\system32\dwmapi.dll
0x00007ffbbb7d0000 - 0x00007ffbbb9ab000 	C:\WINDOWS\System32\CRYPT32.dll
0x00007ffbba850000 - 0x00007ffbba862000 	C:\WINDOWS\System32\MSASN1.dll
0x00007ffbbbfe0000 - 0x00007ffbbc135000 	C:\WINDOWS\System32\ole32.dll
0x0000000069210000 - 0x0000000069257000 	C:\Program Files\Java\jdk1.8.0_77\jre\bin\fontmanager.dll
0x0000000069420000 - 0x000000006943a000 	C:\Program Files\Java\jdk1.8.0_77\jre\bin\net.dll
0x00007ffbba040000 - 0x00007ffbba0a7000 	C:\WINDOWS\system32\mswsock.dll
0x00007ffbb9da0000 - 0x00007ffbb9e66000 	C:\WINDOWS\SYSTEM32\DNSAPI.dll
0x00007ffbbc160000 - 0x00007ffbbc168000 	C:\WINDOWS\System32\NSI.dll
0x00007ffbb9d60000 - 0x00007ffbb9d9d000 	C:\WINDOWS\SYSTEM32\IPHLPAPI.DLL
0x00007ffbb0760000 - 0x00007ffbb076a000 	C:\Windows\System32\rasadhlp.dll
0x00007ffbb0770000 - 0x00007ffbb07e9000 	C:\WINDOWS\System32\fwpuclnt.dll
0x00007ffbbb500000 - 0x00007ffbbb526000 	C:\WINDOWS\System32\bcrypt.dll
0x0000000069140000 - 0x0000000069171000 	C:\Program Files\Java\jdk1.8.0_77\jre\bin\jpeg.dll
0x00007ffbbe0c0000 - 0x00007ffbbe162000 	C:\WINDOWS\System32\clbcatq.dll
0x00007ffba9150000 - 0x00007ffba9308000 	C:\WINDOWS\SYSTEM32\WindowsCodecs.dll
0x00007ffba7450000 - 0x00007ffba74a6000 	C:\WINDOWS\system32\dataexchange.dll
0x00007ffbb8910000 - 0x00007ffbb8ad3000 	C:\WINDOWS\system32\dcomp.dll
0x00007ffbb8330000 - 0x00007ffbb85ae000 	C:\WINDOWS\system32\d3d11.dll
0x00007ffbb95d0000 - 0x00007ffbb9692000 	C:\WINDOWS\system32\dxgi.dll
0x00007ffbb8f50000 - 0x00007ffbb915d000 	C:\WINDOWS\system32\twinapi.appcore.dll
0x00007ffbb9160000 - 0x00007ffbb9188000 	C:\WINDOWS\system32\RMCLIENT.dll
0x00007ffbad120000 - 0x00007ffbad1b5000 	C:\WINDOWS\System32\TextInputFramework.dll
0x00007ffbacd20000 - 0x00007ffbad042000 	C:\WINDOWS\System32\CoreUIComponents.dll
0x00007ffbb8bd0000 - 0x00007ffbb8cb2000 	C:\WINDOWS\System32\CoreMessaging.dll
0x00007ffbb9840000 - 0x00007ffbb9871000 	C:\WINDOWS\SYSTEM32\ntmarta.dll
0x00007ffbb6970000 - 0x00007ffbb6ac3000 	C:\WINDOWS\SYSTEM32\wintypes.dll
0x0000000069400000 - 0x0000000069411000 	C:\Program Files\Java\jdk1.8.0_77\jre\bin\nio.dll
0x00000000691c0000 - 0x0000000069202000 	C:\Program Files\Java\jdk1.8.0_77\jre\bin\t2k.dll
0x0000000069180000 - 0x00000000691aa000 	C:\Program Files\Java\jdk1.8.0_77\jre\bin\dcpr.dll

VM Arguments:
jvm_args: -Dfile.encoding=UTF-8 
java_command: visao.FRMLogin
java_class_path (initial): C:\Program Files\NetBeans 8.1\java\modules\ext\AbsoluteLayout.jar;D:\Backup\Documents\NetBeansProjects\FedPapers2.0\jar\jcalendar-1.3.3.jar;D:\Backup\Documents\NetBeansProjects\FedPapers2.0\jar\commons-email-1.2.jar;D:\Backup\Documents\NetBeansProjects\FedPapers2.0\jar\activation.jar;D:\Backup\Documents\NetBeansProjects\FedPapers2.0\jar\mail-1.4.3.jar;D:\Backup\Documents\NetBeansProjects\Restaurante\jar\mysql-connector-java-5.1.23-bin.jar;D:\Backup\Documents\NetBeansProjects\Restaurante\build\classes
Launcher Type: SUN_STANDARD

Environment Variables:
PATH=C:\Program Files (x86)\Common Files\Oracle\Java\javapath;C:\WINDOWS\system32;C:\WINDOWS;C:\WINDOWS\System32\Wbem;C:\WINDOWS\System32\WindowsPowerShell\v1.0\;C:\Program Files (x86)\Windows Kits\10\Windows Performance Toolkit\;C:\WINDOWS\System32\OpenSSH\;C:\Users\Daniel\AppData\Local\Microsoft\WindowsApps;
USERNAME=Daniel
OS=Windows_NT
PROCESSOR_IDENTIFIER=Intel64 Family 6 Model 69 Stepping 1, GenuineIntel



---------------  S Y S T E M  ---------------

OS: Windows 10.0 , 64 bit Build 17763 (10.0.17763.475)

CPU:total 4 (2 cores per cpu, 2 threads per core) family 6 model 69 stepping 1, cmov, cx8, fxsr, mmx, sse, sse2, sse3, ssse3, sse4.1, sse4.2, popcnt, avx, avx2, aes, clmul, erms, lzcnt, ht, tsc, tscinvbit, bmi1, bmi2

Memory: 4k page, physical 6168856k(921608k free), swap 6168856k(4100k free)

vm_info: Java HotSpot(TM) 64-Bit Server VM (25.77-b03) for windows-amd64 JRE (1.8.0_77-b03), built on Mar 20 2016 22:01:33 by "java_re" with MS VC++ 10.0 (VS2010)

time: Mon Sep 30 20:46:26 2019
elapsed time: 14 seconds (0d 0h 0m 14s)

